<?xml version="1.0" encoding="UTF-8"?>
<!-- Generated by org.testng.reporters.JUnitReportReporter -->
<testsuite hostname="DESKTOP-FQ8REV2" failures="0" tests="1" name="Tests.LoginNegative" time="32.936" errors="0" timestamp="2025-03-17T12:09:37 IST" skipped="0">
  <testcase classname="Tests.LoginNegative" name="CreateTicketScenarioNegative" time="32.936">
    <system-out>
      <![CDATA[Clicked the 'Allow' button.
Clicked the 'Skip' button.
✅ Generated Mobile Number: 98882470244
✅ Entered Mobile Number: 98882470244
Name 'venky' has been entered into the 'Enter your name' field.
Email 'vkautomationtesting@gmail.com' has been entered into the 'Enter your email' field.
Clicked on the 'Select issue type' ImageView.
Clicked on the 'Login issue' ImageView.
Clicked on the 'Confirm' TextView.
Entered the issue description into the 'Write your issue here...' field.
Successfully clicked the 'Upload Image' button.
Successfully clicked the 'Choose from gallery' button.
Successfully clicked the ImageView with resource-id 'icon_thumbnail'.
✅ Successfully clicked the 'Submit' button.
✅ Validation Error Message Displayed (expected): Enter valid mobile number]]>
    </system-out>
  </testcase> <!-- CreateTicketScenarioNegative -->
  <system-out>
    <![CDATA[Clicked the 'Allow' button.
Clicked the 'Skip' button.
✅ Generated Mobile Number: 854402599
✅ Entered Mobile Number: 854402599
Name 'venky' has been entered into the 'Enter your name' field.
Email 'vkautomationtesting@gmail.com' has been entered into the 'Enter your email' field.
Clicked on the 'Select issue type' ImageView.
Clicked on the 'Login issue' ImageView.
Clicked on the 'Confirm' TextView.
Entered the issue description into the 'Write your issue here...' field.
Successfully clicked the 'Upload Image' button.
Successfully clicked the 'Choose from gallery' button.
Successfully clicked the ImageView with resource-id 'icon_thumbnail'.
✅ Successfully clicked the 'Submit' button.
✅ Validation Error Message Displayed (expected): Enter valid mobile number
Clicked the 'Allow' button.
Clicked the 'Skip' button.
✅ Generated Mobile Number: 98882470244
✅ Entered Mobile Number: 98882470244
Name 'venky' has been entered into the 'Enter your name' field.
Email 'vkautomationtesting@gmail.com' has been entered into the 'Enter your email' field.
Clicked on the 'Select issue type' ImageView.
Clicked on the 'Login issue' ImageView.
Clicked on the 'Confirm' TextView.
Entered the issue description into the 'Write your issue here...' field.
Successfully clicked the 'Upload Image' button.
Successfully clicked the 'Choose from gallery' button.
Successfully clicked the ImageView with resource-id 'icon_thumbnail'.
✅ Successfully clicked the 'Submit' button.
✅ Validation Error Message Displayed (expected): Enter valid mobile number]]>
  </system-out>
</testsuite> <!-- Tests.LoginNegative -->
