<?xml version="1.0" encoding="UTF-8"?>
<!-- Generated by org.testng.reporters.JUnitReportReporter -->
<testsuite hostname="DESKTOP-FQ8REV2" failures="0" tests="1" name="Tests.CreateTicketInvalidName" time="41.316" errors="0" timestamp="2025-03-18T10:54:53 IST" skipped="0">
  <testcase classname="Tests.CreateTicketInvalidName" name="Create_Ticket_Invalid_Name" time="41.316">
    <system-out>
      <![CDATA[Clicked the 'Allow' button.
Clicked the 'Skip' button.
Mobile number '7658967891' has been entered into the 'Mobile Number' field.
<b><font color='blue'>Entered Name:</font> <font color='red'> </font></b>
<b><font color='blue'>Entered Random Email:</font> <font color='green'>qcqhywjeex@email.com</font></b>
Clicked on the 'Select issue type' ImageView.
Clicked on the 'Login issue' ImageView.
Clicked on the 'Confirm' TextView.
Entered the issue description into the 'Write your issue here...' field.
Successfully clicked the 'Upload Image' button.
Successfully clicked the 'Choose from gallery' button.
Successfully clicked the ImageView with resource-id 'icon_thumbnail'.
✅ Successfully clicked the 'Submit' button.
<div style='background-color:#ff4c4c; color:white; padding:5px; font-weight:bold; border-radius:5px;'>❌🚨 <b>[ERROR MESSAGE]</b> → <b>"Name should be more than 3 characters"</b> ❌🚨</div>]]>
    </system-out>
  </testcase> <!-- Create_Ticket_Invalid_Name -->
  <system-out>
    <![CDATA[Clicked the 'Allow' button.
Clicked the 'Skip' button.
Mobile number '7658967891' has been entered into the 'Mobile Number' field.
<b><font color='blue'>Entered Name:</font> <font color='red'> </font></b>
<b><font color='blue'>Entered Random Email:</font> <font color='green'>qcqhywjeex@email.com</font></b>
Clicked on the 'Select issue type' ImageView.
Clicked on the 'Login issue' ImageView.
Clicked on the 'Confirm' TextView.
Entered the issue description into the 'Write your issue here...' field.
Successfully clicked the 'Upload Image' button.
Successfully clicked the 'Choose from gallery' button.
Successfully clicked the ImageView with resource-id 'icon_thumbnail'.
✅ Successfully clicked the 'Submit' button.
<div style='background-color:#ff4c4c; color:white; padding:5px; font-weight:bold; border-radius:5px;'>❌🚨 <b>[ERROR MESSAGE]</b> → <b>"Name should be more than 3 characters"</b> ❌🚨</div>]]>
  </system-out>
</testsuite> <!-- Tests.CreateTicketInvalidName -->
