<?xml version="1.0" encoding="UTF-8"?>
<!-- Generated by org.testng.reporters.JUnitReportReporter -->
<testsuite hostname="DESKTOP-FQ8REV2" failures="0" tests="1" name="Tests.PerformanceOptionsButtons" time="21.088" errors="0" timestamp="2025-03-26T17:47:58 IST" skipped="0">
  <testcase classname="Tests.PerformanceOptionsButtons" name="PerformanceOptionsButtons" time="21.088">
    <system-out>
      <![CDATA[<b>✅ Clicked on the 'Scan any QR Code' TextView.</b>
<b>⏱ Execution Time for clickScanQrCode(): 5096 ms</b>
<b>✅ Pressed the Android system Back button.</b>
<b>✅ Clicked on the 'Pay to Mobile Number' TextView.</b>
<b>⏱ Execution Time for clickPayToMobileNumber(): 5928 ms</b>
<b>✅ Pressed the Android system Back button.</b>
<b>✅ Clicked on the 'Pay Contacts / Address' TextView.</b>
<b>✅ Pressed the Android system Back button.</b>
<b>✅ Clicked on the 'Receive Funds' TextView.</b>
<b>✅ Pressed the Android system Back button.</b>]]>
    </system-out>
  </testcase> <!-- PerformanceOptionsButtons -->
  <system-out>
    <![CDATA[<b>✅ Clicked on the 'Scan any QR Code' TextView.</b>
<b>⏱ Execution Time for clickScanQrCode(): 5096 ms</b>
<b>✅ Pressed the Android system Back button.</b>
<b>✅ Clicked on the 'Pay to Mobile Number' TextView.</b>
<b>⏱ Execution Time for clickPayToMobileNumber(): 5928 ms</b>
<b>✅ Pressed the Android system Back button.</b>
<b>✅ Clicked on the 'Pay Contacts / Address' TextView.</b>
<b>✅ Pressed the Android system Back button.</b>
<b>✅ Clicked on the 'Receive Funds' TextView.</b>
<b>✅ Pressed the Android system Back button.</b>]]>
  </system-out>
</testsuite> <!-- Tests.PerformanceOptionsButtons -->
