<?xml version="1.0" encoding="UTF-8"?>
<!-- Generated by org.testng.reporters.JUnitReportReporter -->
<testsuite hostname="DESKTOP-FQ8REV2" failures="0" tests="1" name="Tests.CreateTicketInvalidEmail" time="37.788" errors="0" timestamp="2025-03-18T12:07:38 IST" skipped="0">
  <testcase classname="Tests.CreateTicketInvalidEmail" name="CreateTicketInvalidEmail" time="37.788">
    <system-out>
      <![CDATA[Clicked the 'Allow' button.
Clicked the 'Skip' button.
Mobile number '7658967891' has been entered into the 'Mobile Number' field.
Name 'venky' has been entered into the 'Enter your name' field.
<b><font color='blue'>Entered Email:</font> <font color='red'>Unable to fetch entered text</font></b>
<b><font color='orange'>No error message displayed or an issue occurred.</font></b>
<b><font color='orange'>No error message displayed or an issue occurred.</font></b>
<b><font color='orange'>No error message displayed or an issue occurred.</font></b>
<b><font color='orange'>No error message displayed or an issue occurred.</font></b>
<b><font color='orange'>No error message displayed or an issue occurred.</font></b>
<b><font color='orange'>No error message displayed or an issue occurred.</font></b>
<b><font color='orange'>No error message displayed or an issue occurred.</font></b>
<b><font color='orange'>No error message displayed or an issue occurred.</font></b>
Clicked on the 'Select issue type' ImageView.
Clicked on the 'Login issue' ImageView.
Clicked on the 'Confirm' TextView.
Entered the issue description into the 'Write your issue here...' field.
Successfully clicked the 'Upload Image' button.
Successfully clicked the 'Choose from gallery' button.
Successfully clicked the ImageView with resource-id 'icon_thumbnail'.
✅ Successfully clicked the 'Submit' button.
<div style='background-color:#ff4c4c; color:white; padding:5px; font-weight:bold; border-radius:5px;'>❌🚨 <b>[ERROR MESSAGE]</b> → <b>"Enter the valid email"</b> ❌🚨</div>]]>
    </system-out>
  </testcase> <!-- CreateTicketInvalidEmail -->
  <system-out>
    <![CDATA[Clicked the 'Allow' button.
Clicked the 'Skip' button.
Mobile number '7658967891' has been entered into the 'Mobile Number' field.
Name 'venky' has been entered into the 'Enter your name' field.
<b><font color='blue'>Entered Email:</font> <font color='red'>Unable to fetch entered text</font></b>
<b><font color='orange'>No error message displayed or an issue occurred.</font></b>
<b><font color='orange'>No error message displayed or an issue occurred.</font></b>
<b><font color='orange'>No error message displayed or an issue occurred.</font></b>
<b><font color='orange'>No error message displayed or an issue occurred.</font></b>
<b><font color='orange'>No error message displayed or an issue occurred.</font></b>
<b><font color='orange'>No error message displayed or an issue occurred.</font></b>
<b><font color='orange'>No error message displayed or an issue occurred.</font></b>
<b><font color='orange'>No error message displayed or an issue occurred.</font></b>
Clicked on the 'Select issue type' ImageView.
Clicked on the 'Login issue' ImageView.
Clicked on the 'Confirm' TextView.
Entered the issue description into the 'Write your issue here...' field.
Successfully clicked the 'Upload Image' button.
Successfully clicked the 'Choose from gallery' button.
Successfully clicked the ImageView with resource-id 'icon_thumbnail'.
✅ Successfully clicked the 'Submit' button.
<div style='background-color:#ff4c4c; color:white; padding:5px; font-weight:bold; border-radius:5px;'>❌🚨 <b>[ERROR MESSAGE]</b> → <b>"Enter the valid email"</b> ❌🚨</div>]]>
  </system-out>
</testsuite> <!-- Tests.CreateTicketInvalidEmail -->
