<?xml version="1.0" encoding="UTF-8"?>
<!-- Generated by org.testng.reporters.JUnitReportReporter -->
<testsuite hostname="DESKTOP-FQ8REV2" failures="0" tests="1" name="Tests.PayContactWithAddress" time="37.901" errors="0" timestamp="2025-04-09T11:26:34 IST" skipped="0">
  <testcase classname="Tests.PayContactWithAddress" name="PayContactWithAddress" time="37.901">
    <system-out>
      <![CDATA[<b>✅ Clicked on the 'Pay Contacts / Address' TextView.</b>
🔍 Entered contact address: 6302675294
📸 Screenshot embedded below:
<br><a href='screenshots/EnteredAddress_20250409_112608.png' target='_blank'><img src='screenshots/EnteredAddress_20250409_112608.png' height='150'/></a><br>
✅ Clicked contact card: Chittle Shankar Sai Kiran, 6302675294, Tap to pay
📸 Screenshot embedded below:
<br><a href='screenshots/ContactClicked_20250409_112608.png' target='_blank'><img src='screenshots/ContactClicked_20250409_112608.png' height='150'/></a><br>]]>
    </system-out>
  </testcase> <!-- PayContactWithAddress -->
  <system-out>
    <![CDATA[<b>✅ Clicked on the 'Pay Contacts / Address' TextView.</b>
🔍 Entered contact address: 6302675294
📸 Screenshot embedded below:
<br><a href='screenshots/EnteredAddress_20250409_112608.png' target='_blank'><img src='screenshots/EnteredAddress_20250409_112608.png' height='150'/></a><br>
✅ Clicked contact card: Chittle Shankar Sai Kiran, 6302675294, Tap to pay
📸 Screenshot embedded below:
<br><a href='screenshots/ContactClicked_20250409_112608.png' target='_blank'><img src='screenshots/ContactClicked_20250409_112608.png' height='150'/></a><br>]]>
  </system-out>
</testsuite> <!-- Tests.PayContactWithAddress -->
